


materialPath: C:\Program Files (x86)\Steam\steamapps\common\Counter-Strike Source\cstrike\materials
Loading c:\users\olive\documents\github\de_neuhausen\levels\aliciya1.vmf
Could not locate 'GameData' key in c:\program files (x86)\steam\steamapps\common\counter-strike source\cstrike\gameinfo.txt
fixing up env_cubemap materials on brush sides...
0...1...2...3...4...5...6...7...8...9...10**** leaked ****
Entity light_environment (-2072.00 -264.00 1880.00) leaked!

FindPortalSide: Couldn't find a good match for which brush to assign to a portal near (0.0 512.0 384.0)
Leaf 0 contents: CONTENTS_SOLID 
Leaf 1 contents: 
viscontents (node 0 contents ^ node 1 contents): CONTENTS_SOLID 
This means that none of the brushes in leaf 0 or 1 that touches the portal has CONTENTS_SOLID 
Check for a huge brush enclosing the coordinates above that has contents CONTENTS_SOLID 
Candidate brush IDs: 


FindPortalSide: Couldn't find a good match for which brush to assign to a portal near (512.0 1024.0 384.0)
Leaf 0 contents: 
Leaf 1 contents: CONTENTS_SOLID 
viscontents (node 0 contents ^ node 1 contents): CONTENTS_SOLID 
This means that none of the brushes in leaf 0 or 1 that touches the portal has CONTENTS_SOLID 
Check for a huge brush enclosing the coordinates above that has contents CONTENTS_SOLID 
Candidate brush IDs: 


FindPortalSide: Couldn't find a good match for which brush to assign to a portal near (1024.0 512.0 384.0)
Leaf 0 contents: 
Leaf 1 contents: CONTENTS_SOLID 
viscontents (node 0 contents ^ node 1 contents): CONTENTS_SOLID 
This means that none of the brushes in leaf 0 or 1 that touches the portal has CONTENTS_SOLID 
Check for a huge brush enclosing the coordinates above that has contents CONTENTS_SOLID 
Candidate brush IDs: 


FindPortalSide: Couldn't find a good match for which brush to assign to a portal near (0.0 -352.0 744.0)
Leaf 0 contents: CONTENTS_SOLID 
Leaf 1 contents: 
viscontents (node 0 contents ^ node 1 contents): CONTENTS_SOLID 
This means that none of the brushes in leaf 0 or 1 that touches the portal has CONTENTS_SOLID 
Check for a huge brush enclosing the coordinates above that has contents CONTENTS_SOLID 
Candidate brush IDs: 


FindPortalSide: Couldn't find a good match for which brush to assign to a portal near (0.0 -352.0 24.0)
Leaf 0 contents: CONTENTS_SOLID 
Leaf 1 contents: 
viscontents (node 0 contents ^ node 1 contents): CONTENTS_SOLID 
This means that none of the brushes in leaf 0 or 1 that touches the portal has CONTENTS_SOLID 
Check for a huge brush enclosing the coordinates above that has contents CONTENTS_SOLID 
Candidate brush IDs: 


FindPortalSide: Couldn't find a good match for which brush to assign to a portal near (0.0 -864.0 384.0)
Leaf 0 contents: CONTENTS_SOLID 
Leaf 1 contents: 
viscontents (node 0 contents ^ node 1 contents): CONTENTS_SOLID 
This means that none of the brushes in leaf 0 or 1 that touches the portal has CONTENTS_SOLID 
Check for a huge brush enclosing the coordinates above that has contents CONTENTS_SOLID 
Candidate brush IDs: 


FindPortalSide: Couldn't find a good match for which brush to assign to a portal near (512.0 -1024.0 384.0)
Leaf 0 contents: CONTENTS_SOLID 
Leaf 1 contents: 
viscontents (node 0 contents ^ node 1 contents): CONTENTS_SOLID 
This means that none of the brushes in leaf 0 or 1 that touches the portal has CONTENTS_SOLID 
Check for a huge brush enclosing the coordinates above that has contents CONTENTS_SOLID 
Candidate brush IDs: 


FindPortalSide: Couldn't find a good match for which brush to assign to a portal near (1024.0 -512.0 384.0)
Leaf 0 contents: 
Leaf 1 contents: CONTENTS_SOLID 
viscontents (node 0 contents ^ node 1 contents): CONTENTS_SOLID 
This means that none of the brushes in leaf 0 or 1 that touches the portal has CONTENTS_SOLID 
Check for a huge brush enclosing the coordinates above that has contents CONTENTS_SOLID 
Candidate brush IDs: 

*** Suppressing further FindPortalSide errors.... ***
Processing areas...done (0)
Building Faces...done (0)
FixTjuncs...
PruneNodes...
WriteBSP...
done (0)
Creating default LDR cubemaps for env_cubemap using skybox materials:
   skybox/sky_day01_01*.vmt
 ! Run buildcubemaps in the engine to get the correct cube maps.
Creating default HDR cubemaps for env_cubemap using skybox materials:
   skybox/sky_day01_01*.vmt
 ! Run buildcubemaps in the engine to get the correct cube maps.
Finding displacement neighbors...
Finding lightmap sample positions...
Displacement Alpha : 0...1...2...3...4...5...6...7...8...9...10
Building Physics collision data...
done (0) (2313 bytes)
Placing detail props : 0...1...2...3...4...5...6...7...8...9...10
Compacting texture/material tables...
Reduced 15 texinfos to 13
Reduced 3 texdatas to 3 (58 bytes to 58)
Writing c:\users\olive\documents\github\de_neuhausen\levels\aliciya1.bsp
MSG_FILEWRITE - Filesystem was asked to write to 'c:\users\olive\documents\github\de_neuhausen\levels\aliciya1.bsp', but we don't own that location. Allowing.
Wrote ZIP buffer, estimated size 105877, actual size 105663
0 seconds elapsed



12 threads
reading c:\users\olive\documents\github\de_neuhausen\levels\aliciya1.bsp
reading c:\users\olive\documents\github\de_neuhausen\levels\aliciya1.prt
LoadPortals: couldn't read c:\users\olive\documents\github\de_neuhausen\levels\aliciya1.prt



materialPath: C:\Program Files (x86)\Steam\steamapps\common\Counter-Strike Source\cstrike\materials
Loading c:\users\olive\documents\github\de_neuhausen\levels\aliciya1.vmf
Could not locate 'GameData' key in c:\program files (x86)\steam\steamapps\common\counter-strike source\cstrike\gameinfo.txt
fixing up env_cubemap materials on brush sides...
0...1...2...3...4...5...6...7...8...9...100...1...2...3...4...5...6...7...8...9...10Processing areas...done (0)
Building Faces...done (0)
FixTjuncs...
PruneNodes...
WriteBSP...
done (0)
writing c:\users\olive\documents\github\de_neuhausen\levels\aliciya1.prt...Building visibility clusters...
done (0)
Creating default LDR cubemaps for env_cubemap using skybox materials:
   skybox/sky_day01_01*.vmt
 ! Run buildcubemaps in the engine to get the correct cube maps.
Creating default HDR cubemaps for env_cubemap using skybox materials:
   skybox/sky_day01_01*.vmt
 ! Run buildcubemaps in the engine to get the correct cube maps.
Finding displacement neighbors...
Finding lightmap sample positions...
Displacement Alpha : 0...1...2...3...4...5...6...7...8...9...10
Building Physics collision data...
done (0) (2313 bytes)
Placing detail props : 0...1...2...3...4...5...6...7...8...9...10
Compacting texture/material tables...
Reduced 15 texinfos to 5
Reduced 3 texdatas to 3 (58 bytes to 58)
Writing c:\users\olive\documents\github\de_neuhausen\levels\aliciya1.bsp
MSG_FILEWRITE - Filesystem was asked to write to 'c:\users\olive\documents\github\de_neuhausen\levels\aliciya1.bsp', but we don't own that location. Allowing.
Wrote ZIP buffer, estimated size 105877, actual size 105663
0 seconds elapsed



12 threads
reading c:\users\olive\documents\github\de_neuhausen\levels\aliciya1.bsp
reading c:\users\olive\documents\github\de_neuhausen\levels\aliciya1.prt
   1 portalclusters
   0 numportals
0...1...2...3...4...5...6...7...8...9...10Optimized: 0 visible clusters (0.00%)
Total clusters visible: 1
Average clusters visible: 1
Building PAS...
Average clusters audible: 1
visdatasize:14  compressed from 16
writing c:\users\olive\documents\github\de_neuhausen\levels\aliciya1.bsp
MSG_FILEWRITE - Filesystem was asked to write to 'c:\users\olive\documents\github\de_neuhausen\levels\aliciya1.bsp', but we don't own that location. Allowing.
0 seconds elapsed



[Reading texlights from 'lights.rad']
[2 texlights parsed from 'lights.rad']

Loading c:\users\olive\documents\github\de_neuhausen\levels\aliciya1.bsp
21 faces
24177 square feet [3481600.00 square inches]
0 Displacements
0 Square Feet [0.00 Square Inches]
21 patches before subdivision
1709 patches after subdivision
2 direct lights
0...1...2...3...4...5...6...7...8...9...100...1...2...3...4...5...6...7...8...9...10transfers 133748, max 194
transfer lists:   1.0 megs
0...1...2...3...4...5...6...7...8...9...10	Bounce #1 added RGB(24545, 0, 0)
0...1...2...3...4...5...6...7...8...9...10	Bounce #2 added RGB(10277, 0, 0)
Build Patch/Sample Hash Table(s).....Done<0.0004 sec>
0...1...2...3...4...5...6...7...8...9...10FinalLightFace Done
0 of 0 (0% of) surface lights went in leaf ambient cubes.
0...1...2...3...4...5...6...7...8...9...10Writing leaf ambient...done
Ready to Finish

Object names       Objects/Maxobjs  Memory / Maxmem  Fullness 
------------       ---------------  ---------------  -------- 
models                   1/1024           48/49152    ( 0.1%) 
brushes                  6/8192           72/98304    ( 0.1%) 
brushsides              36/65536         288/524288   ( 0.1%) 
planes                  36/65536         720/1310720  ( 0.1%) 
vertexes                28/65536         336/786432   ( 0.0%) 
nodes                    8/65536         256/2097152  ( 0.0%) 
texinfos                 5/12288         360/884736   ( 0.0%) 
texdata                  3/2048           96/65536    ( 0.1%) 
dispinfos                0/0               0/0        ( 0.0%) 
disp_verts               0/0               0/0        ( 0.0%) 
disp_tris                0/0               0/0        ( 0.0%) 
disp_lmsamples           0/0               0/0        ( 0.0%) 
faces                   21/65536        1176/3670016  ( 0.0%) 
hdr faces               21/65536        1176/3670016  ( 0.0%) 
origfaces                6/65536         336/3670016  ( 0.0%) 
leaves                  10/65536         320/2097152  ( 0.0%) 
leaffaces               21/65536          42/131072   ( 0.0%) 
leafbrushes              6/65536          12/131072   ( 0.0%) 
areas                    2/256            16/2048     ( 0.8%) 
surfedges              116/512000        464/2048000  ( 0.0%) 
edges                   59/256000        236/1024000  ( 0.0%) 
LDR worldlights          0/8192            0/720896   ( 0.0%) 
HDR worldlights          2/8192          176/720896   ( 0.0%) 
leafwaterdata            0/32768           0/393216   ( 0.0%) 
waterstrips              1/32768          10/327680   ( 0.0%) 
waterverts               0/65536           0/786432   ( 0.0%) 
waterindices            18/65536          36/131072   ( 0.0%) 
cubemapsamples           0/1024            0/16384    ( 0.0%) 
overlays                 0/512             0/180224   ( 0.0%) 
LDR lightdata         [variable]           0/0        ( 0.0%) 
HDR lightdata         [variable]       47776/0        ( 0.0%) 
visdata               [variable]          14/16777216 ( 0.0%) 
entdata               [variable]        7851/393216   ( 2.0%) 
LDR ambient table       10/65536          40/262144   ( 0.0%) 
HDR ambient table       10/65536          40/262144   ( 0.0%) 
LDR leaf ambient        10/65536         280/1835008  ( 0.0%) 
HDR leaf ambient        16/65536         448/1835008  ( 0.0%) 
occluders                0/0               0/0        ( 0.0%) 
occluder polygons        0/0               0/0        ( 0.0%) 
occluder vert ind        0/0               0/0        ( 0.0%) 
detail props          [variable]           1/12       ( 8.3%) 
static props          [variable]           1/12       ( 8.3%) 
pakfile               [variable]      105663/0        ( 0.0%) 
physics               [variable]        2313/4194304  ( 0.1%) 
physics terrain       [variable]           2/1048576  ( 0.0%) 

Level flags = 2

Total triangle count: 50
Writing c:\users\olive\documents\github\de_neuhausen\levels\aliciya1.bsp
0 seconds elapsed



materialPath: C:\Program Files (x86)\Steam\steamapps\common\Counter-Strike Source\cstrike\materials
Loading c:\users\olive\documents\github\de_neuhausen\levels\aliciya1.vmf
Could not locate 'GameData' key in c:\program files (x86)\steam\steamapps\common\counter-strike source\cstrike\gameinfo.txt
fixing up env_cubemap materials on brush sides...
0...1...2...3...4...5...6...7...8...9...100...1...2...3...4...5...6...7...8...9...10Processing areas...done (0)
Building Faces...done (0)
FixTjuncs...
PruneNodes...
WriteBSP...
done (0)
writing c:\users\olive\documents\github\de_neuhausen\levels\aliciya1.prt...Building visibility clusters...
done (0)
Creating default LDR cubemaps for env_cubemap using skybox materials:
   skybox/sky_day01_01*.vmt
 ! Run buildcubemaps in the engine to get the correct cube maps.
Creating default HDR cubemaps for env_cubemap using skybox materials:
   skybox/sky_day01_01*.vmt
 ! Run buildcubemaps in the engine to get the correct cube maps.
Finding displacement neighbors...
Finding lightmap sample positions...
Displacement Alpha : 0...1...2...3...4...5...6...7...8...9...10
Building Physics collision data...
done (0) (2313 bytes)
Placing detail props : 0...1...2...3...4...5...6...7...8...9...10
Compacting texture/material tables...
Reduced 15 texinfos to 5
Reduced 3 texdatas to 3 (58 bytes to 58)
Writing c:\users\olive\documents\github\de_neuhausen\levels\aliciya1.bsp
MSG_FILEWRITE - Filesystem was asked to write to 'c:\users\olive\documents\github\de_neuhausen\levels\aliciya1.bsp', but we don't own that location. Allowing.
Wrote ZIP buffer, estimated size 105877, actual size 105663
0 seconds elapsed



12 threads
reading c:\users\olive\documents\github\de_neuhausen\levels\aliciya1.bsp
reading c:\users\olive\documents\github\de_neuhausen\levels\aliciya1.prt
   1 portalclusters
   0 numportals
0...1...2...3...4...5...6...7...8...9...10Optimized: 0 visible clusters (0.00%)
Total clusters visible: 1
Average clusters visible: 1
Building PAS...
Average clusters audible: 1
visdatasize:14  compressed from 16
writing c:\users\olive\documents\github\de_neuhausen\levels\aliciya1.bsp
MSG_FILEWRITE - Filesystem was asked to write to 'c:\users\olive\documents\github\de_neuhausen\levels\aliciya1.bsp', but we don't own that location. Allowing.
0 seconds elapsed



[Reading texlights from 'lights.rad']
[2 texlights parsed from 'lights.rad']

Loading c:\users\olive\documents\github\de_neuhausen\levels\aliciya1.bsp
21 faces
24177 square feet [3481600.00 square inches]
0 Displacements
0 Square Feet [0.00 Square Inches]
21 patches before subdivision
1709 patches after subdivision
2 direct lights
0...1...2...3...4...5...6...7...8...9...100...1...2...3...4...5...6...7...8...9...10transfers 133748, max 194
transfer lists:   1.0 megs
0...1...2...3...4...5...6...7...8...9...10	Bounce #1 added RGB(24545, 0, 0)
0...1...2...3...4...5...6...7...8...9...10	Bounce #2 added RGB(10277, 0, 0)
Build Patch/Sample Hash Table(s).....Done<0.0004 sec>
0...1...2...3...4...5...6...7...8...9...10FinalLightFace Done
0 of 0 (0% of) surface lights went in leaf ambient cubes.
0...1...2...3...4...5...6...7...8...9...10Writing leaf ambient...done
Ready to Finish

Object names       Objects/Maxobjs  Memory / Maxmem  Fullness 
------------       ---------------  ---------------  -------- 
models                   1/1024           48/49152    ( 0.1%) 
brushes                  6/8192           72/98304    ( 0.1%) 
brushsides              36/65536         288/524288   ( 0.1%) 
planes                  36/65536         720/1310720  ( 0.1%) 
vertexes                28/65536         336/786432   ( 0.0%) 
nodes                    8/65536         256/2097152  ( 0.0%) 
texinfos                 5/12288         360/884736   ( 0.0%) 
texdata                  3/2048           96/65536    ( 0.1%) 
dispinfos                0/0               0/0        ( 0.0%) 
disp_verts               0/0               0/0        ( 0.0%) 
disp_tris                0/0               0/0        ( 0.0%) 
disp_lmsamples           0/0               0/0        ( 0.0%) 
faces                   21/65536        1176/3670016  ( 0.0%) 
hdr faces               21/65536        1176/3670016  ( 0.0%) 
origfaces                6/65536         336/3670016  ( 0.0%) 
leaves                  10/65536         320/2097152  ( 0.0%) 
leaffaces               21/65536          42/131072   ( 0.0%) 
leafbrushes              6/65536          12/131072   ( 0.0%) 
areas                    2/256            16/2048     ( 0.8%) 
surfedges              116/512000        464/2048000  ( 0.0%) 
edges                   59/256000        236/1024000  ( 0.0%) 
LDR worldlights          0/8192            0/720896   ( 0.0%) 
HDR worldlights          2/8192          176/720896   ( 0.0%) 
leafwaterdata            0/32768           0/393216   ( 0.0%) 
waterstrips              1/32768          10/327680   ( 0.0%) 
waterverts               0/65536           0/786432   ( 0.0%) 
waterindices            18/65536          36/131072   ( 0.0%) 
cubemapsamples           0/1024            0/16384    ( 0.0%) 
overlays                 0/512             0/180224   ( 0.0%) 
LDR lightdata         [variable]           0/0        ( 0.0%) 
HDR lightdata         [variable]       47776/0        ( 0.0%) 
visdata               [variable]          14/16777216 ( 0.0%) 
entdata               [variable]        4191/393216   ( 1.1%) 
LDR ambient table       10/65536          40/262144   ( 0.0%) 
HDR ambient table       10/65536          40/262144   ( 0.0%) 
LDR leaf ambient        10/65536         280/1835008  ( 0.0%) 
HDR leaf ambient        16/65536         448/1835008  ( 0.0%) 
occluders                0/0               0/0        ( 0.0%) 
occluder polygons        0/0               0/0        ( 0.0%) 
occluder vert ind        0/0               0/0        ( 0.0%) 
detail props          [variable]           1/12       ( 8.3%) 
static props          [variable]           1/12       ( 8.3%) 
pakfile               [variable]      105663/0        ( 0.0%) 
physics               [variable]        2313/4194304  ( 0.1%) 
physics terrain       [variable]           2/1048576  ( 0.0%) 

Level flags = 2

Total triangle count: 50
Writing c:\users\olive\documents\github\de_neuhausen\levels\aliciya1.bsp
0 seconds elapsed



materialPath: C:\Program Files (x86)\Steam\steamapps\common\Counter-Strike Source\cstrike\materials
Loading c:\users\olive\documents\github\de_neuhausen\levels\aliciya1.vmf
Could not locate 'GameData' key in c:\program files (x86)\steam\steamapps\common\counter-strike source\cstrike\gameinfo.txt
fixing up env_cubemap materials on brush sides...
0...1...2...3...4...5...6...7...8...9...100...1...2...3...4...5...6...7...8...9...10Processing areas...done (0)
Building Faces...done (0)
FixTjuncs...
PruneNodes...
WriteBSP...
done (0)
writing c:\users\olive\documents\github\de_neuhausen\levels\aliciya1.prt...Building visibility clusters...
done (0)
Creating default LDR cubemaps for env_cubemap using skybox materials:
   skybox/sky_day01_01*.vmt
 ! Run buildcubemaps in the engine to get the correct cube maps.
Creating default HDR cubemaps for env_cubemap using skybox materials:
   skybox/sky_day01_01*.vmt
 ! Run buildcubemaps in the engine to get the correct cube maps.
Finding displacement neighbors...
Finding lightmap sample positions...
Displacement Alpha : 0...1...2...3...4...5...6...7...8...9...10
Building Physics collision data...
done (0) (2313 bytes)
Placing detail props : 0...1...2...3...4...5...6...7...8...9...10
Compacting texture/material tables...
Reduced 15 texinfos to 5
Reduced 3 texdatas to 3 (58 bytes to 58)
Writing c:\users\olive\documents\github\de_neuhausen\levels\aliciya1.bsp
MSG_FILEWRITE - Filesystem was asked to write to 'c:\users\olive\documents\github\de_neuhausen\levels\aliciya1.bsp', but we don't own that location. Allowing.
Wrote ZIP buffer, estimated size 105877, actual size 105663
0 seconds elapsed



12 threads
reading c:\users\olive\documents\github\de_neuhausen\levels\aliciya1.bsp
reading c:\users\olive\documents\github\de_neuhausen\levels\aliciya1.prt
   1 portalclusters
   0 numportals
0...1...2...3...4...5...6...7...8...9...10Optimized: 0 visible clusters (0.00%)
Total clusters visible: 1
Average clusters visible: 1
Building PAS...
Average clusters audible: 1
visdatasize:14  compressed from 16
writing c:\users\olive\documents\github\de_neuhausen\levels\aliciya1.bsp
MSG_FILEWRITE - Filesystem was asked to write to 'c:\users\olive\documents\github\de_neuhausen\levels\aliciya1.bsp', but we don't own that location. Allowing.
0 seconds elapsed



[Reading texlights from 'lights.rad']
[2 texlights parsed from 'lights.rad']

Loading c:\users\olive\documents\github\de_neuhausen\levels\aliciya1.bsp
21 faces
24177 square feet [3481600.00 square inches]
0 Displacements
0 Square Feet [0.00 Square Inches]
21 patches before subdivision
1709 patches after subdivision
2 direct lights
0...1...2...3...4...5...6...7...8...9...100...1...2...3...4...5...6...7...8...9...10transfers 133748, max 194
transfer lists:   1.0 megs
0...1...2...3...4...5...6...7...8...9...10	Bounce #1 added RGB(24545, 0, 0)
0...1...2...3...4...5...6...7...8...9...10	Bounce #2 added RGB(10277, 0, 0)
Build Patch/Sample Hash Table(s).....Done<0.0004 sec>
0...1...2...3...4...5...6...7...8...9...10FinalLightFace Done
0 of 0 (0% of) surface lights went in leaf ambient cubes.
0...1...2...3...4...5...6...7...8...9...10Writing leaf ambient...done
Ready to Finish

Object names       Objects/Maxobjs  Memory / Maxmem  Fullness 
------------       ---------------  ---------------  -------- 
models                   1/1024           48/49152    ( 0.1%) 
brushes                  6/8192           72/98304    ( 0.1%) 
brushsides              36/65536         288/524288   ( 0.1%) 
planes                  36/65536         720/1310720  ( 0.1%) 
vertexes                28/65536         336/786432   ( 0.0%) 
nodes                    8/65536         256/2097152  ( 0.0%) 
texinfos                 5/12288         360/884736   ( 0.0%) 
texdata                  3/2048           96/65536    ( 0.1%) 
dispinfos                0/0               0/0        ( 0.0%) 
disp_verts               0/0               0/0        ( 0.0%) 
disp_tris                0/0               0/0        ( 0.0%) 
disp_lmsamples           0/0               0/0        ( 0.0%) 
faces                   21/65536        1176/3670016  ( 0.0%) 
hdr faces               21/65536        1176/3670016  ( 0.0%) 
origfaces                6/65536         336/3670016  ( 0.0%) 
leaves                  10/65536         320/2097152  ( 0.0%) 
leaffaces               21/65536          42/131072   ( 0.0%) 
leafbrushes              6/65536          12/131072   ( 0.0%) 
areas                    2/256            16/2048     ( 0.8%) 
surfedges              116/512000        464/2048000  ( 0.0%) 
edges                   59/256000        236/1024000  ( 0.0%) 
LDR worldlights          0/8192            0/720896   ( 0.0%) 
HDR worldlights          2/8192          176/720896   ( 0.0%) 
leafwaterdata            0/32768           0/393216   ( 0.0%) 
waterstrips              1/32768          10/327680   ( 0.0%) 
waterverts               0/65536           0/786432   ( 0.0%) 
waterindices            18/65536          36/131072   ( 0.0%) 
cubemapsamples           0/1024            0/16384    ( 0.0%) 
overlays                 0/512             0/180224   ( 0.0%) 
LDR lightdata         [variable]           0/0        ( 0.0%) 
HDR lightdata         [variable]       47776/0        ( 0.0%) 
visdata               [variable]          14/16777216 ( 0.0%) 
entdata               [variable]        8895/393216   ( 2.3%) 
LDR ambient table       10/65536          40/262144   ( 0.0%) 
HDR ambient table       10/65536          40/262144   ( 0.0%) 
LDR leaf ambient        10/65536         280/1835008  ( 0.0%) 
HDR leaf ambient        16/65536         448/1835008  ( 0.0%) 
occluders                0/0               0/0        ( 0.0%) 
occluder polygons        0/0               0/0        ( 0.0%) 
occluder vert ind        0/0               0/0        ( 0.0%) 
detail props          [variable]           1/12       ( 8.3%) 
static props          [variable]           1/12       ( 8.3%) 
pakfile               [variable]      105663/0        ( 0.0%) 
physics               [variable]        2313/4194304  ( 0.1%) 
physics terrain       [variable]           2/1048576  ( 0.0%) 

Level flags = 2

Total triangle count: 50
Writing c:\users\olive\documents\github\de_neuhausen\levels\aliciya1.bsp
0 seconds elapsed



materialPath: C:\Program Files (x86)\Steam\steamapps\common\Counter-Strike Source\cstrike\materials
Loading c:\users\olive\documents\github\de_neuhausen\levels\aliciya1.vmf
Could not locate 'GameData' key in c:\program files (x86)\steam\steamapps\common\counter-strike source\cstrike\gameinfo.txt
fixing up env_cubemap materials on brush sides...
0...1...2...3...4...5...6...7...8...9...100...1...2...3...4...5...6...7...8...9...10Processing areas...done (0)
Building Faces...done (0)
FixTjuncs...
PruneNodes...
WriteBSP...
done (0)
writing c:\users\olive\documents\github\de_neuhausen\levels\aliciya1.prt...Building visibility clusters...
done (0)
Creating default LDR cubemaps for env_cubemap using skybox materials:
   skybox/sky_day01_01*.vmt
 ! Run buildcubemaps in the engine to get the correct cube maps.
Creating default HDR cubemaps for env_cubemap using skybox materials:
   skybox/sky_day01_01*.vmt
 ! Run buildcubemaps in the engine to get the correct cube maps.
Finding displacement neighbors...
Finding lightmap sample positions...
Displacement Alpha : 0...1...2...3...4...5...6...7...8...9...10
Building Physics collision data...
done (0) (2313 bytes)
Placing detail props : 0...1...2...3...4...5...6...7...8...9...10
Compacting texture/material tables...
Reduced 15 texinfos to 5
Reduced 3 texdatas to 3 (58 bytes to 58)
Writing c:\users\olive\documents\github\de_neuhausen\levels\aliciya1.bsp
MSG_FILEWRITE - Filesystem was asked to write to 'c:\users\olive\documents\github\de_neuhausen\levels\aliciya1.bsp', but we don't own that location. Allowing.
Wrote ZIP buffer, estimated size 105877, actual size 105663
0 seconds elapsed



12 threads
reading c:\users\olive\documents\github\de_neuhausen\levels\aliciya1.bsp
reading c:\users\olive\documents\github\de_neuhausen\levels\aliciya1.prt
   1 portalclusters
   0 numportals
0...1...2...3...4...5...6...7...8...9...10Optimized: 0 visible clusters (0.00%)
Total clusters visible: 1
Average clusters visible: 1
Building PAS...
Average clusters audible: 1
visdatasize:14  compressed from 16
writing c:\users\olive\documents\github\de_neuhausen\levels\aliciya1.bsp
MSG_FILEWRITE - Filesystem was asked to write to 'c:\users\olive\documents\github\de_neuhausen\levels\aliciya1.bsp', but we don't own that location. Allowing.
0 seconds elapsed



[Reading texlights from 'lights.rad']
[2 texlights parsed from 'lights.rad']

Loading c:\users\olive\documents\github\de_neuhausen\levels\aliciya1.bsp
21 faces
24177 square feet [3481600.00 square inches]
0 Displacements
0 Square Feet [0.00 Square Inches]
21 patches before subdivision
1709 patches after subdivision
2 direct lights
0...1...2...3...4...5...6...7...8...9...100...1...2...3...4...5...6...7...8...9...10transfers 133748, max 194
transfer lists:   1.0 megs
0...1...2...3...4...5...6...7...8...9...10	Bounce #1 added RGB(24545, 0, 0)
0...1...2...3...4...5...6...7...8...9...10	Bounce #2 added RGB(10277, 0, 0)
Build Patch/Sample Hash Table(s).....Done<0.0004 sec>
0...1...2...3...4...5...6...7...8...9...10FinalLightFace Done
0 of 0 (0% of) surface lights went in leaf ambient cubes.
0...1...2...3...4...5...6...7...8...9...10Writing leaf ambient...done
Ready to Finish

Object names       Objects/Maxobjs  Memory / Maxmem  Fullness 
------------       ---------------  ---------------  -------- 
models                   1/1024           48/49152    ( 0.1%) 
brushes                  6/8192           72/98304    ( 0.1%) 
brushsides              36/65536         288/524288   ( 0.1%) 
planes                  36/65536         720/1310720  ( 0.1%) 
vertexes                28/65536         336/786432   ( 0.0%) 
nodes                    8/65536         256/2097152  ( 0.0%) 
texinfos                 5/12288         360/884736   ( 0.0%) 
texdata                  3/2048           96/65536    ( 0.1%) 
dispinfos                0/0               0/0        ( 0.0%) 
disp_verts               0/0               0/0        ( 0.0%) 
disp_tris                0/0               0/0        ( 0.0%) 
disp_lmsamples           0/0               0/0        ( 0.0%) 
faces                   21/65536        1176/3670016  ( 0.0%) 
hdr faces               21/65536        1176/3670016  ( 0.0%) 
origfaces                6/65536         336/3670016  ( 0.0%) 
leaves                  10/65536         320/2097152  ( 0.0%) 
leaffaces               21/65536          42/131072   ( 0.0%) 
leafbrushes              6/65536          12/131072   ( 0.0%) 
areas                    2/256            16/2048     ( 0.8%) 
surfedges              116/512000        464/2048000  ( 0.0%) 
edges                   59/256000        236/1024000  ( 0.0%) 
LDR worldlights          0/8192            0/720896   ( 0.0%) 
HDR worldlights          2/8192          176/720896   ( 0.0%) 
leafwaterdata            0/32768           0/393216   ( 0.0%) 
waterstrips              1/32768          10/327680   ( 0.0%) 
waterverts               0/65536           0/786432   ( 0.0%) 
waterindices            18/65536          36/131072   ( 0.0%) 
cubemapsamples           0/1024            0/16384    ( 0.0%) 
overlays                 0/512             0/180224   ( 0.0%) 
LDR lightdata         [variable]           0/0        ( 0.0%) 
HDR lightdata         [variable]       47776/0        ( 0.0%) 
visdata               [variable]          14/16777216 ( 0.0%) 
entdata               [variable]        5607/393216   ( 1.4%) 
LDR ambient table       10/65536          40/262144   ( 0.0%) 
HDR ambient table       10/65536          40/262144   ( 0.0%) 
LDR leaf ambient        10/65536         280/1835008  ( 0.0%) 
HDR leaf ambient        16/65536         448/1835008  ( 0.0%) 
occluders                0/0               0/0        ( 0.0%) 
occluder polygons        0/0               0/0        ( 0.0%) 
occluder vert ind        0/0               0/0        ( 0.0%) 
detail props          [variable]           1/12       ( 8.3%) 
static props          [variable]           1/12       ( 8.3%) 
pakfile               [variable]      105663/0        ( 0.0%) 
physics               [variable]        2313/4194304  ( 0.1%) 
physics terrain       [variable]           2/1048576  ( 0.0%) 

Level flags = 2

Total triangle count: 50
Writing c:\users\olive\documents\github\de_neuhausen\levels\aliciya1.bsp
0 seconds elapsed
