PRT1
89
233
4 0 5 (512 0 256 ) (288 0 256 ) (288 0 -448 ) (512 0 -448 ) 
4 0 2 (288 0 -64 ) (288 0 256 ) (288 96 256 ) (288 96 -64 ) 
4 0 1 (288 256 256 ) (288 256 -448 ) (288 96 -448 ) (288 96 256 ) 
4 1 3 (192 256 -448 ) (192 96 -448 ) (192 96 256 ) (192 256 256 ) 
4 1 2 (192 96 256 ) (192 96 -64 ) (288 96 -64 ) (288 96 256 ) 
4 2 5 (288 0 256 ) (192 0 256 ) (192 0 -64 ) (288 0 -64 ) 
4 2 4 (192 0 -64 ) (192 0 256 ) (192 64 256 ) (192 64 -64 ) 
4 2 3 (192 64 256 ) (192 96 256 ) (192 96 -64 ) (192 64 -64 ) 
4 3 26 (0 224 -64 ) (0 224 -448 ) (0 64 -448 ) (0 64 -64 ) 
4 3 23 (0 64 256 ) (0 224 256 ) (0 224 -64 ) (0 64 -64 ) 
4 3 11 (0 256 -340 ) (0 256 -448 ) (0 224 -448 ) (0 224 -340 ) 
4 3 10 (0 224 256 ) (0 256 256 ) (0 256 -340 ) (0 224 -340 ) 
4 3 4 (192 64 -64 ) (192 64 256 ) (0 64 256 ) (0 64 -64 ) 
4 4 24 (0 0 -32 ) (0 0 256 ) (0 64 256 ) (0 64 -32 ) 
4 4 6 (128 0 256 ) (0 0 256 ) (0 0 -64 ) (128 0 -64 ) 
4 4 5 (192 0 256 ) (128 0 256 ) (128 0 -64 ) (192 0 -64 ) 
4 5 8 (128 -224 -384 ) (128 -224 -260 ) (128 -220 -260 ) (128 -220 -384 ) 
4 5 7 (128 -224 -260 ) (128 -224 256 ) (128 -220 256 ) (128 -220 -260 ) 
4 5 9 (128 -220 -448 ) (128 -224 -448 ) (128 -224 -384 ) (128 -220 -384 ) 
4 5 6 (128 0 -448 ) (128 -220 -448 ) (128 -220 256 ) (128 0 256 ) 
4 6 56 (0 -220 256 ) (0 0 256 ) (0 0 -448 ) (0 -220 -448 ) 
4 6 8 (128 -220 -384 ) (128 -220 -260 ) (0 -220 -260 ) (0 -220 -384 ) 
4 6 7 (128 -220 -260 ) (128 -220 256 ) (0 -220 256 ) (0 -220 -260 ) 
4 6 9 (0 -220 -448 ) (128 -220 -448 ) (128 -220 -384 ) (0 -220 -384 ) 
4 7 57 (0 -224 -260 ) (0 -224 256 ) (0 -220 256 ) (0 -220 -260 ) 
4 7 8 (0 -220 -260 ) (128 -220 -260 ) (128 -224 -260 ) (0 -224 -260 ) 
4 8 58 (0 -224 -384 ) (0 -224 -260 ) (0 -220 -260 ) (0 -220 -384 ) 
4 8 9 (0 -220 -384 ) (128 -220 -384 ) (128 -224 -384 ) (0 -224 -384 ) 
4 9 59 (0 -224 -448 ) (0 -224 -384 ) (0 -220 -384 ) (0 -220 -448 ) 
4 10 29 (-496 256 -272 ) (-496 256 -340 ) (-496 224 -340 ) (-496 224 -272 ) 
4 10 28 (-496 256 256 ) (-496 256 -272 ) (-496 224 -272 ) (-496 224 256 ) 
4 10 26 (-192 224 -340 ) (0 224 -340 ) (0 224 -64 ) (-192 224 -64 ) 
4 10 27 (-496 224 -64 ) (-496 224 -340 ) (-192 224 -340 ) (-192 224 -64 ) 
4 10 23 (-64 224 -64 ) (0 224 -64 ) (0 224 256 ) (-64 224 256 ) 
4 10 25 (-496 224 256 ) (-496 224 -64 ) (-64 224 -64 ) (-64 224 256 ) 
3 10 21 (-409.012054 227.012024 -340 ) (-411.404755 228.607162 -340 ) (-413 231 -340 ) 
3 10 20 (-374.987976 227.012024 -340 ) (-376.499969 225.500031 -340 ) (-378.023987 224.992020 -340 ) 
3 10 19 (-403 224 -340 ) (-404.494019 224 -340 ) (-405.988037 224.996017 -340 ) 
3 10 18 (-378 224 -340 ) (-381 224 -340 ) (-376.499969 225.500031 -340 ) 
3 10 17 (-404.494019 224 -340 ) (-408.333313 224 -340 ) (-411.404755 228.607162 -340 ) 
3 10 16 (-375.666687 224 -340 ) (-378 224 -340 ) (-371 231 -340 ) 
3 10 15 (-415 234 -340 ) (-416 235.500015 -340 ) (-416 237 -340 ) 
3 10 14 (-368 237 -340 ) (-368 235.500015 -340 ) (-369 234 -340 ) 
3 10 13 (-408.333313 224 -340 ) (-416 224 -340 ) (-416 235.500015 -340 ) 
3 10 12 (-368 224 -340 ) (-375.666687 224 -340 ) (-368 235.500015 -340 ) 
4 10 22 (-416 224 -340 ) (-496 224 -340 ) (-496 256 -340 ) (-416 256 -340 ) 
4 10 11 (0 224 -340 ) (-368 224 -340 ) (-368 256 -340 ) (0 256 -340 ) 
4 11 26 (-192 224 -448 ) (0 224 -448 ) (0 224 -340 ) (-192 224 -340 ) 
4 11 27 (-368 224 -448 ) (-192 224 -448 ) (-192 224 -340 ) (-368 224 -340 ) 
4 11 14 (-368 235.500015 -340 ) (-368 237 -340 ) (-368 237 -448 ) (-368 235.500015 -448 ) 
4 11 12 (-368 224 -448 ) (-368 224 -340 ) (-368 235.500015 -340 ) (-368 235.500015 -448 ) 
4 12 27 (-375.666687 224 -448 ) (-368 224 -448 ) (-368 224 -340 ) (-375.666687 224 -340 ) 
4 12 16 (-370.996094 231.003922 -448 ) (-375.665344 224 -448 ) (-375.665344 224 -340 ) (-370.996094 231.003922 -340 ) 
4 12 14 (-368 235.498032 -340 ) (-368 235.498032 -448 ) (-369.001404 233.995941 -448 ) (-369.001404 233.995941 -340 ) 
4 13 27 (-416 224 -448 ) (-408.333313 224 -448 ) (-408.333313 224 -340 ) (-416 224 -340 ) 
4 13 21 (-413 231 -340 ) (-411.404785 228.607193 -340 ) (-411.399994 228.599991 -448 ) (-413 231 -448 ) 
4 13 17 (-411.404785 228.607193 -340 ) (-408.333344 224 -340 ) (-408.333344 224 -448 ) (-411.399994 228.599991 -448 ) 
4 13 15 (-416 235.500000 -448 ) (-416 235.500000 -340 ) (-415 234 -340 ) (-415 234 -448 ) 
4 13 22 (-416 224 -448 ) (-416 224 -340 ) (-416 235.500015 -340 ) (-416 235.500000 -448 ) 
4 15 22 (-416 235.500015 -340 ) (-416 237 -340 ) (-416 237 -448 ) (-416 235.500000 -448 ) 
4 16 27 (-378 224 -448 ) (-375.666687 224 -448 ) (-375.666687 224 -340 ) (-378 224 -340 ) 
4 16 20 (-375 227 -448 ) (-376.499969 225.500031 -448 ) (-376.499969 225.500031 -340 ) (-374.988007 227.011993 -340 ) 
4 16 18 (-376.499969 225.500031 -448 ) (-378 224 -448 ) (-378 224 -340 ) (-376.499969 225.500031 -340 ) 
4 17 27 (-408.333313 224 -448 ) (-404.500031 224 -448 ) (-404.494019 224 -340 ) (-408.333313 224 -340 ) 
4 17 21 (-411.399597 228.599396 -448 ) (-411.404388 228.606598 -340 ) (-409.010864 227.010849 -340 ) (-408.998840 226.998810 -448 ) 
4 17 19 (-405.989441 224.996490 -340 ) (-404.494781 224 -340 ) (-404.500793 224 -448 ) (-406.001465 225 -448 ) 
4 18 27 (-381 224 -448 ) (-378 224 -448 ) (-378 224 -340 ) (-381 224 -340 ) 
4 18 20 (-376.499023 225.500977 -340 ) (-376.499023 225.500977 -448 ) (-378.010132 224.997284 -448 ) (-378.022156 224.993271 -340 ) 
4 19 27 (-404.500031 224 -448 ) (-403 224 -448 ) (-403 224 -340 ) (-404.494019 224 -340 ) 
4 22 29 (-496 256 -340 ) (-496 256 -448 ) (-496 224 -448 ) (-496 224 -340 ) 
4 22 27 (-496 224 -340 ) (-496 224 -448 ) (-416 224 -448 ) (-416 224 -340 ) 
4 23 26 (-64 224 -64 ) (0 224 -64 ) (0 64 -64 ) (-64 64 -64 ) 
4 23 24 (-64 64 256 ) (-64 64 0 ) (0 64 -32 ) (0 64 256 ) 
4 23 25 (-64 224 -64 ) (-64 64 -64 ) (-64 64 256 ) (-64 224 256 ) 
4 24 56 (0 0 -32 ) (0 0 256 ) (-4 0 256 ) (-4 0 -30 ) 
4 24 60 (-4 0 256 ) (-64 0 256 ) (-64 0 0 ) (-4 0 -30 ) 
4 24 25 (-64 0 0 ) (-64 0 256 ) (-64 64 256 ) (-64 64 0 ) 
4 25 60 (-64 0 256 ) (-496 0 256 ) (-496 0 -64 ) (-64 0 -64 ) 
4 25 28 (-496 0 -64 ) (-496 0 256 ) (-496 224 256 ) (-496 224 -64 ) 
4 25 26 (-192 224 -64 ) (-64 224 -64 ) (-64 64 -64 ) (-192 64 -64 ) 
4 25 27 (-496 0 -64 ) (-496 224 -64 ) (-192 224 -64 ) (-192 0 -64 ) 
4 26 27 (-192 64 -64 ) (-192 224 -64 ) (-192 224 -448 ) (-192 64 -448 ) 
4 27 60 (-192 0 -64 ) (-496 0 -64 ) (-496 0 -448 ) (-192 0 -448 ) 
3 27 48 (-496 144 -424.625031 ) (-496 144 -431.500061 ) (-496 141.624985 -415 ) 
3 27 47 (-496 144 -416.375031 ) (-496 144 -424.625031 ) (-496 136.875031 -395.750092 ) 
3 27 46 (-496 144 -409.500031 ) (-496 144 -416.375031 ) (-496 132.124969 -382 ) 
3 27 45 (-496 144 -386.812531 ) (-496 144 -409.500031 ) (-496 117.875031 -349 ) 
3 27 44 (-496 144 -376.500000 ) (-496 144 -386.812531 ) (-496 108.374985 -335.250000 ) 
3 27 43 (-496 144 -363.850006 ) (-496 144 -376.500000 ) (-496 89.375038 -313.250061 ) 
3 27 42 (-496 59.687504 -291.937500 ) (-496 56.544128 -282.838257 ) (-496 77.499947 -302.249969 ) 
4 27 41 (-496 52.800007 -272 ) (-496 144 -272 ) (-496 144 -363.850006 ) (-496 56.544128 -282.838257 ) 
4 27 40 (-496 43.062508 -272 ) (-496 52.800007 -272 ) (-496 59.687511 -291.937500 ) (-496 49 -285.750000 ) 
3 27 39 (-496 1.499985 -316 ) (-496 3.875029 -316 ) (-496 13.375149 -318.750031 ) 
3 27 38 (-496 106 -434.250000 ) (-496 106 -437 ) (-496 103.625015 -423.250061 ) 
4 27 37 (-496 87 -373.750000 ) (-496 91.750015 -384.750031 ) (-496 96.499992 -398.500000 ) (-496 84.624985 -371 ) 
4 27 36 (-496 46.625092 -332.500061 ) (-496 56.124985 -338 ) (-496 58.500053 -340.750061 ) (-496 34.749649 -327 ) 
3 27 35 (-496 53.750023 -338 ) (-496 58.500027 -340.750031 ) (-496 63.250023 -346.250031 ) 
3 27 34 (-496 63.250023 -346.250031 ) (-496 72.750023 -354.500031 ) (-496 79.874977 -365.499969 ) 
10 27 33 (-496 0 -448 ) (-496 0 -316 ) (-496 1.499985 -316 ) (-496 25.249956 -321.500000 ) (-496 53.750023 -338 ) (-496 63.250023 -346.250031 ) (-496 84.624977 -371 ) (-496 101.250008 -409.500031 ) (-496 106 -437 ) (-496 106 -448 ) 
3 27 32 (-496 6.250017 -272 ) (-496 12.187428 -272 ) (-496 20.499844 -274.749969 ) 
3 27 31 (-496 37.125126 -280.250061 ) (-496 48.208351 -283.916687 ) (-496 49 -285.750000 ) 
3 27 30 (-496 12.187428 -272 ) (-496 43.062508 -272 ) (-496 48.208351 -283.916687 ) 
4 27 29 (-496 144 -272 ) (-496 224 -272 ) (-496 224 -448 ) (-496 144 -448 ) 
4 27 28 (-496 0 -272 ) (-496 0 -64 ) (-496 224 -64 ) (-496 224 -272 ) 
4 28 61 (-496 0 -272 ) (-496 0 256 ) (-512 0 256 ) (-512 0 -272 ) 
4 28 41 (-496 144 -272 ) (-496 52.800011 -272 ) (-512 52.800007 -272 ) (-512 144 -272 ) 
4 28 40 (-496 52.800011 -272 ) (-496 43.062508 -272 ) (-512 43.062508 -272 ) (-512 52.800007 -272 ) 
4 28 32 (-496 12.187429 -272 ) (-496 6.250018 -272 ) (-512 6.250017 -272 ) (-512 12.187428 -272 ) 
4 28 30 (-496 43.062508 -272 ) (-496 12.187429 -272 ) (-512 12.187428 -272 ) (-512 43.062508 -272 ) 
4 28 29 (-512 256 -272 ) (-496 256 -272 ) (-496 144 -272 ) (-512 144 -272 ) 
4 29 48 (-496 144 -431.500061 ) (-496 144 -424.625031 ) (-512 144 -424.625031 ) (-512 144 -431.500061 ) 
4 29 47 (-496 144 -424.625031 ) (-496 144 -416.375031 ) (-512 144 -416.375031 ) (-512 144 -424.625031 ) 
4 29 46 (-496 144 -416.375031 ) (-496 144 -409.500031 ) (-512 144 -409.500031 ) (-512 144 -416.375031 ) 
4 29 45 (-496 144 -409.500031 ) (-496 144 -386.812531 ) (-512 144 -386.812531 ) (-512 144 -409.500031 ) 
4 29 44 (-496 144 -386.812531 ) (-496 144 -376.500000 ) (-512 144 -376.500000 ) (-512 144 -386.812531 ) 
4 29 43 (-496 144 -376.500000 ) (-496 144 -363.850006 ) (-512 144 -363.850006 ) (-512 144 -376.500000 ) 
4 29 41 (-496 144 -363.850006 ) (-496 144 -272 ) (-512 144 -272 ) (-512 144 -363.850006 ) 
4 30 40 (-512 43.062500 -272 ) (-496 43.062500 -272 ) (-496 48.208340 -283.916687 ) (-512 48.208340 -283.916687 ) 
4 30 32 (-496 12.187473 -272 ) (-512 12.187473 -272 ) (-512 20.499458 -274.749878 ) (-496 20.499460 -274.749878 ) 
4 30 31 (-512 37.126137 -280.250549 ) (-512 48.209652 -283.917328 ) (-496 48.209652 -283.917328 ) (-496 37.126141 -280.250549 ) 
4 31 40 (-512 48.208340 -283.916687 ) (-496 48.208340 -283.916687 ) (-496 49 -285.750000 ) (-512 49 -285.750000 ) 
4 33 68 (-496 0 -448 ) (-496 0 -316 ) (-1024 0 -316 ) (-1024 0 -448 ) 
3 33 50 (-1024 79.874977 -365.499969 ) (-1024 84.624977 -371 ) (-1024 87 -376.500000 ) 
11 33 49 (-1024 0 -448 ) (-1024 0 -316 ) (-1024 1.499985 -316 ) (-1024 25.249956 -321.500000 ) (-1024 53.750023 -338 ) (-1024 63.250023 -346.250031 ) (-1024 79.874977 -365.499969 ) (-1024 87 -376.500000 ) (-1024 101.250008 -409.500031 ) (-1024 106 -437 ) (-1024 106 -448 ) 
4 33 39 (-1024 13.384516 -318.752747 ) (-1024 1.497655 -316 ) (-496 1.497643 -316 ) (-496 13.384504 -318.752747 ) 
4 33 38 (-496 106 -437.001617 ) (-1024 106 -437.001648 ) (-1024 103.623627 -423.243622 ) (-496 103.623665 -423.243805 ) 
4 33 37 (-1024 96.498299 -398.495087 ) (-1024 84.625969 -371.001129 ) (-496 84.625946 -371.001099 ) (-496 96.498337 -398.495178 ) 
4 33 36 (-1024 53.749832 -338 ) (-1024 34.753296 -327.001526 ) (-496 34.753277 -327.001526 ) (-496 53.749794 -338 ) 
4 33 35 (-1024 63.247833 -346.247467 ) (-1024 53.744171 -337.994171 ) (-496 53.744156 -337.994141 ) (-496 63.247849 -346.247498 ) 
4 33 34 (-1024 79.874794 -365.499695 ) (-1024 63.251984 -346.251984 ) (-496 63.251968 -346.251953 ) (-496 79.874794 -365.499695 ) 
3 34 49 (-1024 63.250023 -346.250031 ) (-1024 72.750023 -354.500031 ) (-1024 79.874977 -365.499969 ) 
3 35 51 (-1024 53.750023 -338 ) (-1024 58.500027 -340.750031 ) (-1024 63.250023 -346.250031 ) 
4 35 36 (-1024 58.500103 -340.750122 ) (-1024 53.749832 -338 ) (-496 53.749794 -338 ) (-496 58.500107 -340.750122 ) 
4 36 52 (-1024 46.625092 -332.500061 ) (-1024 56.124985 -338 ) (-1024 58.500053 -340.750061 ) (-1024 34.749649 -327 ) 
4 37 53 (-1024 87 -373.750000 ) (-1024 91.750015 -384.750031 ) (-1024 96.499992 -398.500000 ) (-1024 84.624985 -371 ) 
3 38 54 (-1024 106 -434.250000 ) (-1024 106 -437 ) (-1024 103.625015 -423.250061 ) 
3 39 55 (-1024 1.499985 -316 ) (-1024 3.875029 -316 ) (-1024 13.375149 -318.750031 ) 
4 40 42 (-512 59.687958 -291.937744 ) (-512 56.544678 -282.838745 ) (-496 56.544666 -282.838745 ) (-496 59.687958 -291.937775 ) 
4 40 41 (-512 56.544678 -282.838745 ) (-512 52.800385 -272 ) (-496 52.800385 -272 ) (-496 56.544666 -282.838745 ) 
4 41 43 (-512 89.368690 -313.242706 ) (-512 144 -363.848206 ) (-496 144 -363.848206 ) (-496 89.368690 -313.242706 ) 
4 41 42 (-496 56.542969 -282.835938 ) (-512 56.542969 -282.835938 ) (-512 77.503891 -302.252228 ) (-496 77.503891 -302.252228 ) 
4 43 44 (-512 108.377068 -335.252991 ) (-512 144 -376.500610 ) (-496 144 -376.500610 ) (-496 108.377060 -335.252991 ) 
4 44 45 (-512 117.872002 -348.993073 ) (-512 144 -386.809906 ) (-496 144 -386.809906 ) (-496 117.872002 -348.993073 ) 
4 45 46 (-512 132.127090 -382.006073 ) (-512 144 -409.501221 ) (-496 144 -409.501221 ) (-496 132.127090 -382.006073 ) 
4 46 47 (-512 136.872147 -395.738434 ) (-512 144 -416.371704 ) (-496 144 -416.371704 ) (-496 136.872147 -395.738434 ) 
4 47 48 (-512 141.625000 -415 ) (-512 144 -424.624969 ) (-496 144 -424.624969 ) (-496 141.625000 -415 ) 
4 49 82 (-1024 0 -448 ) (-1024 0 -316 ) (-1200 0 -316 ) (-1200 0 -448 ) 
4 49 55 (-1200 13.384777 -318.752838 ) (-1200 1.497659 -316 ) (-1024 1.497655 -316 ) (-1024 13.384807 -318.752838 ) 
4 49 54 (-1024 106 -437.001648 ) (-1200 106 -437.001648 ) (-1200 103.623627 -423.243622 ) (-1024 103.623627 -423.243622 ) 
4 49 53 (-1200 96.498276 -398.495026 ) (-1200 87.001419 -376.502167 ) (-1024 87.001419 -376.502167 ) (-1024 96.498276 -398.495026 ) 
4 49 52 (-1200 53.749809 -338 ) (-1200 34.753098 -327.001434 ) (-1024 34.753098 -327.001434 ) (-1024 53.749813 -338 ) 
4 49 51 (-1200 63.247841 -346.247498 ) (-1200 53.744175 -337.994171 ) (-1024 53.744171 -337.994171 ) (-1024 63.247841 -346.247498 ) 
4 49 50 (-1024 87.005814 -376.512817 ) (-1200 87.005806 -376.512817 ) (-1200 79.864792 -365.488190 ) (-1024 79.864822 -365.488220 ) 
4 50 53 (-1200 87.001419 -376.502167 ) (-1200 84.625992 -371.001160 ) (-1024 84.625992 -371.001160 ) (-1024 87.001419 -376.502167 ) 
4 51 52 (-1200 58.500084 -340.750092 ) (-1200 53.749809 -338 ) (-1024 53.749813 -338 ) (-1024 58.500080 -340.750092 ) 
4 56 58 (-4 -220 -260 ) (-4 -220 -384 ) (0 -220 -384 ) (0 -220 -260 ) 
4 56 57 (-4 -220 256 ) (-4 -220 -260 ) (0 -220 -260 ) (0 -220 256 ) 
4 56 59 (-4 -220 -384 ) (-4 -220 -448 ) (0 -220 -448 ) (0 -220 -384 ) 
4 56 60 (-4 0 -448 ) (-4 -220 -448 ) (-4 -220 256 ) (-4 0 256 ) 
4 57 60 (-4 -224 -260 ) (-4 -224 256 ) (-4 -220 256 ) (-4 -220 -260 ) 
4 57 58 (0 -224 -260 ) (-4 -224 -260 ) (-4 -220 -260 ) (0 -220 -260 ) 
4 58 59 (0 -224 -384 ) (-4 -224 -384 ) (-4 -220 -384 ) (0 -220 -384 ) 
4 58 60 (-4 -224 -384 ) (-4 -224 -260 ) (-4 -220 -260 ) (-4 -220 -384 ) 
4 59 60 (-4 -220 -448 ) (-4 -224 -448 ) (-4 -224 -384 ) (-4 -220 -384 ) 
4 60 81 (-496 -160 -448 ) (-496 -224 -448 ) (-496 -224 -272 ) (-496 -160 -272 ) 
3 60 80 (-496 -157.625015 -415 ) (-496 -156.267868 -405.571442 ) (-496 -152.875000 -395.749969 ) 
3 60 79 (-496 -160 -431.499969 ) (-496 -160 -416.375000 ) (-496 -156.267868 -405.571442 ) 
3 60 78 (-496 -124.395142 -335.279144 ) (-496 -111.075005 -316 ) (-496 -107.744965 -316 ) 
3 60 77 (-496 -133.875015 -349 ) (-496 -119.625000 -316 ) (-496 -111.075005 -316 ) 
3 60 76 (-496 -160 -416.375000 ) (-496 -160 -409.500000 ) (-496 -148.125000 -382 ) 
3 60 75 (-496 -160 -409.500000 ) (-496 -160 -316 ) (-496 -119.625000 -316 ) 
3 60 74 (-496 -106.562485 -382 ) (-496 -103 -373.750031 ) (-496 -95.875084 -365.500092 ) 
3 60 73 (-496 -122 -437 ) (-496 -122 -434.250000 ) (-496 -119.625000 -423.250000 ) 
4 60 72 (-496 -107.749901 -384.749756 ) (-496 -106.562485 -382 ) (-496 -103 -376.499939 ) (-496 -112.499931 -398.499847 ) 
4 60 71 (-496 -72.125015 -338 ) (-496 -62.624672 -332.499817 ) (-496 -50.749397 -327 ) (-496 -74.500076 -340.750092 ) 
3 60 70 (-496 -43.624836 -322.874939 ) (-496 -41.249981 -321.500031 ) (-496 -29.375725 -318.750183 ) 
3 60 69 (-496 -74.500061 -340.750061 ) (-496 -69.750214 -338 ) (-496 -79.249863 -346.249847 ) 
10 60 68 (-496 0 -316 ) (-496 0 -448 ) (-496 -122 -448 ) (-496 -122 -437 ) (-496 -117.249992 -409.499969 ) (-496 -103 -376.499939 ) (-496 -88.749992 -354.499969 ) (-496 -69.750214 -338 ) (-496 -43.624836 -322.874939 ) (-496 -19.875055 -316 ) 
3 60 67 (-496 -36.500137 -274.750061 ) (-496 -28.187481 -272 ) (-496 -22.249908 -272 ) 
3 60 66 (-496 -53.125000 -280.250000 ) (-496 -35.312469 -272 ) (-496 -28.187481 -272 ) 
3 60 65 (-496 -107.744965 -316 ) (-496 -108.343765 -316 ) (-496 -105.349770 -313.226624 ) 
3 60 64 (-496 -108.343765 -316 ) (-496 -117.249992 -316 ) (-496 -93.500008 -302.250000 ) 
3 60 63 (-496 -117.249992 -316 ) (-496 -130.312454 -316 ) (-496 -65 -285.750061 ) 
4 60 62 (-496 -130.312454 -316 ) (-496 -160 -316 ) (-496 -160 -272 ) (-496 -35.312469 -272 ) 
4 60 61 (-496 0 256 ) (-496 0 -272 ) (-496 -224 -272 ) (-496 -224 256 ) 
4 61 81 (-496 -160 -272 ) (-496 -224 -272 ) (-512 -224 -272 ) (-512 -160 -272 ) 
4 61 67 (-496 -22.249910 -272 ) (-496 -28.187481 -272 ) (-512 -28.187481 -272 ) (-512 -22.249908 -272 ) 
4 61 66 (-496 -28.187481 -272 ) (-496 -35.312469 -272 ) (-512 -35.312469 -272 ) (-512 -28.187481 -272 ) 
4 61 62 (-496 -35.312469 -272 ) (-496 -160 -272 ) (-512 -160 -272 ) (-512 -35.312469 -272 ) 
4 62 81 (-496 -160 -316 ) (-496 -160 -272 ) (-512 -160 -272 ) (-512 -160 -316 ) 
4 62 75 (-496 -160 -316 ) (-512 -160 -316 ) (-512 -130.312454 -316 ) (-496 -130.312454 -316 ) 
4 62 66 (-512 -53.138687 -280.254517 ) (-512 -35.316402 -272 ) (-496 -35.316402 -272 ) (-496 -53.138687 -280.254517 ) 
4 62 63 (-496 -130.316406 -316 ) (-512 -130.316406 -316 ) (-512 -64.984344 -285.740936 ) (-496 -64.984344 -285.740936 ) 
4 63 77 (-496 -117.249992 -316 ) (-496 -119.625000 -316 ) (-512 -119.625000 -316 ) (-512 -117.249985 -316 ) 
4 63 75 (-496 -119.625000 -316 ) (-496 -130.312454 -316 ) (-512 -130.312454 -316 ) (-512 -119.625000 -316 ) 
4 63 64 (-496 -117.250000 -316 ) (-512 -117.250000 -316 ) (-512 -93.500389 -302.250366 ) (-496 -93.500389 -302.250366 ) 
4 64 78 (-496 -108.343765 -316 ) (-496 -111.075012 -316 ) (-512 -111.075005 -316 ) (-512 -108.343750 -316 ) 
4 64 77 (-496 -111.075012 -316 ) (-496 -117.249992 -316 ) (-512 -117.249985 -316 ) (-512 -111.075005 -316 ) 
4 64 65 (-496 -108.343750 -316 ) (-512 -108.343750 -316 ) (-512 -105.348526 -313.225159 ) (-496 -105.348526 -313.225159 ) 
4 65 78 (-496 -107.744965 -316 ) (-496 -108.343765 -316 ) (-512 -108.343750 -316 ) (-512 -107.744972 -316 ) 
4 66 67 (-512 -36.501778 -274.750336 ) (-512 -28.188227 -272 ) (-496 -28.188227 -272 ) (-496 -36.501778 -274.750336 ) 
10 68 82 (-1024 0 -316 ) (-1024 0 -448 ) (-1024 -122 -448 ) (-1024 -122 -437 ) (-1024 -117.249992 -409.499969 ) (-1024 -103 -376.499939 ) (-1024 -88.749992 -354.499969 ) (-1024 -69.750214 -338 ) (-1024 -43.624836 -322.874939 ) (-1024 -19.875055 -316 ) 
4 68 74 (-496 -102.996498 -376.491882 ) (-496 -95.882507 -365.508698 ) (-1024 -95.882515 -365.508698 ) (-1024 -102.996483 -376.491852 ) 
4 68 73 (-1024 -122 -437 ) (-496 -122 -437 ) (-496 -119.624359 -423.247040 ) (-1024 -119.624359 -423.247040 ) 
4 68 72 (-496 -112.500153 -398.500458 ) (-496 -103 -376.498016 ) (-1024 -103 -376.497986 ) (-1024 -112.500137 -398.500427 ) 
4 68 71 (-1024 -50.741581 -326.996094 ) (-1024 -69.752281 -338.001984 ) (-496 -69.752289 -338.001984 ) (-496 -50.741653 -326.996124 ) 
4 68 70 (-1024 -29.376696 -318.750427 ) (-1024 -43.628967 -322.875977 ) (-496 -43.628937 -322.875977 ) (-496 -29.376682 -318.750427 ) 
4 68 69 (-496 -69.745117 -337.996674 ) (-1024 -69.745171 -337.996704 ) (-1024 -79.251808 -346.252106 ) (-496 -79.251823 -346.252136 ) 
3 69 83 (-1024 -74.500061 -340.750061 ) (-1024 -69.750214 -338 ) (-1024 -79.249863 -346.249847 ) 
4 69 71 (-1024 -69.752281 -338.001984 ) (-1024 -74.501022 -340.751190 ) (-496 -74.501030 -340.751190 ) (-496 -69.752289 -338.001984 ) 
3 70 84 (-1024 -43.624836 -322.874939 ) (-1024 -41.249981 -321.500031 ) (-1024 -29.375725 -318.750183 ) 
4 71 85 (-1024 -72.125015 -338 ) (-1024 -62.624672 -332.499817 ) (-1024 -50.749397 -327 ) (-1024 -74.500076 -340.750092 ) 
4 72 86 (-1024 -107.749901 -384.749756 ) (-1024 -106.562485 -382 ) (-1024 -103 -376.499939 ) (-1024 -112.499931 -398.499847 ) 
4 72 74 (-1024 -106.561676 -381.996094 ) (-496 -106.561668 -381.996094 ) (-496 -102.996498 -376.491882 ) (-1024 -102.996483 -376.491852 ) 
3 73 87 (-1024 -122 -437 ) (-1024 -122 -434.250000 ) (-1024 -119.625000 -423.250000 ) 
3 74 88 (-1024 -106.562485 -382 ) (-1024 -103 -373.750031 ) (-1024 -95.875084 -365.500092 ) 
4 75 81 (-496 -160 -409.500000 ) (-496 -160 -316 ) (-512 -160 -316 ) (-512 -160 -409.500000 ) 
4 75 77 (-512 -133.875015 -349 ) (-512 -119.625000 -316 ) (-496 -119.625000 -316 ) (-496 -133.875000 -349 ) 
4 75 76 (-496 -160 -409.500000 ) (-512 -160 -409.500000 ) (-512 -148.125000 -382 ) (-496 -148.125000 -382 ) 
4 76 81 (-496 -160 -416.375000 ) (-496 -160 -409.500000 ) (-512 -160 -409.500000 ) (-512 -160 -416.375000 ) 
4 76 80 (-512 -156.268829 -405.578125 ) (-512 -152.878265 -395.763214 ) (-496 -152.878265 -395.763214 ) (-496 -156.268829 -405.578125 ) 
4 76 79 (-496 -160 -416.378998 ) (-512 -160 -416.378998 ) (-512 -156.268829 -405.578125 ) (-496 -156.268829 -405.578125 ) 
4 77 78 (-512 -124.386169 -335.268768 ) (-512 -111.073334 -316 ) (-496 -111.073334 -316 ) (-496 -124.386169 -335.268768 ) 
4 79 81 (-496 -160 -431.499969 ) (-496 -160 -416.375000 ) (-512 -160 -416.375000 ) (-512 -160 -431.499969 ) 
4 79 80 (-512 -157.625809 -415.003296 ) (-512 -156.268555 -405.574219 ) (-496 -156.268555 -405.574219 ) (-496 -157.625809 -415.003296 ) 
4 82 88 (-1024 -102.996468 -376.491821 ) (-1024 -95.882561 -365.508759 ) (-1200 -95.882561 -365.508759 ) (-1200 -102.996468 -376.491821 ) 
4 82 87 (-1200 -122 -437 ) (-1024 -122 -437 ) (-1024 -119.624359 -423.247040 ) (-1200 -119.624359 -423.247040 ) 
4 82 86 (-1024 -112.500137 -398.500427 ) (-1024 -103 -376.497986 ) (-1200 -103 -376.497986 ) (-1200 -112.500137 -398.500427 ) 
4 82 85 (-1200 -50.741581 -326.996094 ) (-1200 -69.752281 -338.001984 ) (-1024 -69.752312 -338.002014 ) (-1024 -50.741653 -326.996124 ) 
4 82 84 (-1200 -29.376701 -318.750427 ) (-1200 -43.628979 -322.876007 ) (-1024 -43.628967 -322.876007 ) (-1024 -29.376480 -318.750366 ) 
4 82 83 (-1024 -69.745171 -337.996735 ) (-1200 -69.745186 -337.996735 ) (-1200 -79.251854 -346.252136 ) (-1024 -79.251884 -346.252167 ) 
4 83 85 (-1200 -69.752281 -338.001984 ) (-1200 -74.501022 -340.751190 ) (-1024 -74.501045 -340.751190 ) (-1024 -69.752312 -338.002014 ) 
4 86 88 (-1200 -106.561684 -381.996094 ) (-1024 -106.561684 -381.996094 ) (-1024 -102.996468 -376.491821 ) (-1200 -102.996468 -376.491821 ) 
